<?xml version="1.0" encoding="UTF-8"?>
<coverage generated="1696437380330" clover="3.2.0">
  <project timestamp="1696437380330" name="All files">
    <metrics statements="10" coveredstatements="9" conditionals="10" coveredconditionals="8" methods="1" coveredmethods="1" elements="21" coveredelements="18" complexity="0" loc="10" ncloc="10" packages="1" files="1" classes="1"/>
    <file name="script.js" path="F:\Documentos\Projetos\Exercicios Node\script.js">
      <metrics statements="10" coveredstatements="9" conditionals="10" coveredconditionals="8" methods="1" coveredmethods="1"/>
      <line num="3" count="3" type="cond" truecount="4" falsecount="0"/>
      <line num="4" count="1" type="stmt"/>
      <line num="7" count="2" type="cond" truecount="2" falsecount="0"/>
      <line num="8" count="1" type="stmt"/>
      <line num="10" count="1" type="stmt"/>
      <line num="13" count="2" type="cond" truecount="2" falsecount="2"/>
      <line num="14" count="0" type="stmt"/>
      <line num="19" count="2" type="stmt"/>
      <line num="20" count="2" type="stmt"/>
      <line num="23" count="1" type="stmt"/>
    </file>
  </project>
</coverage>
