{"F:\\Documentos\\Projetos\\Exercicios Node\\script.js": {"path":"F:\\Documentos\\Projetos\\Exercicios Node\\script.js","statementMap":{"0":{"start":{"line":3,"column":3},"end":{"line":5,"column":4}},"1":{"start":{"line":4,"column":4},"end":{"line":4,"column":74}},"2":{"start":{"line":7,"column":3},"end":{"line":11,"column":4}},"3":{"start":{"line":8,"column":4},"end":{"line":8,"column":23}},"4":{"start":{"line":10,"column":0},"end":{"line":10,"column":19}},"5":{"start":{"line":13,"column":0},"end":{"line":16,"column":1}},"6":{"start":{"line":14,"column":4},"end":{"line":14,"column":49}},"7":{"start":{"line":19,"column":26},"end":{"line":19,"column":66}},"8":{"start":{"line":20,"column":0},"end":{"line":20,"column":24}},"9":{"start":{"line":23,"column":0},"end":{"line":23,"column":41}}},"fnMap":{"0":{"name":"GastoCombustivelPorKM","decl":{"start":{"line":2,"column":9},"end":{"line":2,"column":30}},"loc":{"start":{"line":2,"column":68},"end":{"line":22,"column":1}},"line":2}},"branchMap":{"0":{"loc":{"start":{"line":3,"column":3},"end":{"line":5,"column":4}},"type":"if","locations":[{"start":{"line":3,"column":3},"end":{"line":5,"column":4}},{"start":{},"end":{}}],"line":3},"1":{"loc":{"start":{"line":3,"column":7},"end":{"line":3,"column":67}},"type":"binary-expr","locations":[{"start":{"line":3,"column":7},"end":{"line":3,"column":36}},{"start":{"line":3,"column":40},"end":{"line":3,"column":67}}],"line":3},"2":{"loc":{"start":{"line":7,"column":3},"end":{"line":11,"column":4}},"type":"if","locations":[{"start":{"line":7,"column":3},"end":{"line":11,"column":4}},{"start":{"line":9,"column":8},"end":{"line":11,"column":4}}],"line":7},"3":{"loc":{"start":{"line":13,"column":0},"end":{"line":16,"column":1}},"type":"if","locations":[{"start":{"line":13,"column":0},"end":{"line":16,"column":1}},{"start":{},"end":{}}],"line":13},"4":{"loc":{"start":{"line":13,"column":4},"end":{"line":13,"column":64}},"type":"binary-expr","locations":[{"start":{"line":13,"column":4},"end":{"line":13,"column":25}},{"start":{"line":13,"column":29},"end":{"line":13,"column":64}}],"line":13}},"s":{"0":3,"1":1,"2":2,"3":1,"4":1,"5":2,"6":0,"7":2,"8":2,"9":1},"f":{"0":3},"b":{"0":[1,2],"1":[3,2],"2":[1,1],"3":[0,2],"4":[2,0]},"_coverageSchema":"1a1c01bbd47fc00a2c39e90264f33305004495a9","hash":"b874d8fa02be938e2b250f874b110dc12d64d9a0"}
}
